<?xml version="1.0" encoding="UTF-8"?>
<!-- Generated by org.testng.reporters.JUnitReportReporter -->
<testsuite hostname="SKCC14N00765" name="thirdstage.sirius.support.oozie.JaxenTest" tests="1" failures="0" timestamp="1 Oct 2014 09:41:07 GMT" time="2413.788" errors="0">
  <testcase name="testXPathEvaluation1" time="2413.788" classname="thirdstage.sirius.support.oozie.JaxenTest"/>
</testsuite> <!-- thirdstage.sirius.support.oozie.JaxenTest -->
