<?xml version="1.0" encoding="UTF-8"?>
<!-- Generated by org.testng.reporters.JUnitReportReporter -->
<testsuite hostname="SKCC14N00765" name="thirdstage.sirius.support.oozie.XmlParsingTest" tests="1" failures="0" timestamp="1 Oct 2014 06:48:25 GMT" time="183.125" errors="0">
  <testcase name="testParseNamespaceWithPrefixUsingDom" time="183.125" classname="thirdstage.sirius.support.oozie.XmlParsingTest"/>
</testsuite> <!-- thirdstage.sirius.support.oozie.XmlParsingTest -->
