<?xml version="1.0" encoding="UTF-8"?>
<!-- Generated by org.testng.reporters.JUnitReportReporter -->
<testsuite hostname="SKCC14N00765" name="thirdstage.sirius.support.oozie.PhSchematronTest" tests="1" failures="0" timestamp="1 Oct 2014 08:33:37 GMT" time="365.924" errors="0">
  <testcase name="testOutputTypeUsingDom" time="365.924" classname="thirdstage.sirius.support.oozie.PhSchematronTest"/>
</testsuite> <!-- thirdstage.sirius.support.oozie.PhSchematronTest -->
